epoch,acc,loss
0,0.6428571428571429,5.7939408128815035
1,0.6428571428571429,5.7939382669116766
2,0.6428571428571429,5.7939356959291866
3,0.6428571428571429,5.7939328466142923
4,0.6428571428571429,5.7939296934221476
5,0.6428571428571429,5.7939269925866812
6,0.6428571428571429,5.7939241219844133
7,0.6428571428571429,5.7939216329583099
8,0.6428571428571429,5.7939188969986777
9,0.6428571428571429,5.79391619350229
10,0.6428571428571429,5.7939134910702705
11,0.6428571428571429,5.7939097295914381
12,0.6428571428571429,5.7939072879297395
13,0.6428571428571429,5.7939047824059218
14,0.6428571428571429,5.7939020693302155
15,0.6428571428571429,5.7938993498682976
16,0.6428571428571429,5.7938966889466554
17,0.6428571428571429,5.7938935926982333
18,0.6428571428571429,5.7938903884163926
19,0.6428571428571429,5.7938877285591195
20,0.6428571428571429,5.7938850851995607
21,0.6428571428571429,5.7938824045870989
22,0.6428571428571429,5.7938796989619732
23,0.6428571428571429,5.7938768038792272
24,0.6428571428571429,5.7938743755221367
25,0.6428571428571429,5.7938709514481683
26,0.6428571428571429,5.793868387916258
27,0.6428571428571429,5.7938655013484617
28,0.6428571428571429,5.7938629170613627
29,0.6428571428571429,5.7938601379948
30,0.6428571428571429,5.7938576101192405
31,0.6428571428571429,5.7938547762376924
32,0.6428571428571429,5.7938516533800533
33,0.6428571428571429,5.7938486944351881
34,0.6428571428571429,5.7938459377203673
35,0.6428571428571429,5.7938427408891062
36,0.6428571428571429,5.793840079967465
37,0.6428571428571429,5.7938373722136021
38,0.6428571428571429,5.7938345846320898
39,0.6428571428571429,5.7938315565032621
40,0.6428571428571429,5.7938282314155787
41,0.6428571428571429,5.7938255108892918
42,0.6428571428571429,5.7938231123345236
43,0.6428571428571429,5.7938201980931421
44,0.6428571428571429,5.7938177644142081
45,0.6428571428571429,5.7938146101576944
46,0.6428571428571429,5.7938114532402585
47,0.6428571428571429,5.7938085427241663
48,0.6428571428571429,5.7938061436372141
49,0.6428571428571429,5.7938033502016753
50,0.6428571428571429,5.7938002667256763
51,0.6428571428571429,5.7937978101628165
52,0.6428571428571429,5.793795433959791
53,0.6428571428571429,5.7937920210616927
54,0.6428571428571429,5.7937894234699865
55,0.6428571428571429,5.7937867524368425
56,0.6428571428571429,5.7937835077089925
57,0.6428571428571429,5.7937811591795514
58,0.6428571428571429,5.7937783343451361
59,0.6428571428571429,5.7937759065202306
60,0.6428571428571429,5.7937727299119741
61,0.6428571428571429,5.7937697667096346
62,0.6428571428571429,5.7937668093613217
63,0.6428571428571429,5.7937643964375765
64,0.6428571428571429,5.7937616375940184
65,0.6428571428571429,5.7937592044472694
66,0.6428571428571429,5.7937562082495004
67,0.6428571428571429,5.793753208326442
68,0.6428571428571429,5.7937501152711253
69,0.6428571428571429,5.7937475618507177
70,0.6428571428571429,5.793744820569243
71,0.6428571428571429,5.7937423895512312
72,0.6428571428571429,5.793739553008761
73,0.6428571428571429,5.7937364466488361
74,0.6428571428571429,5.793734023613589
75,0.6428571428571429,5.7937307895294259
76,0.6428571428571429,5.7937280870974064
77,0.6428571428571429,5.7937254820551187
78,0.6428571428571429,5.7937228370990068
79,0.6428571428571429,5.7937196173838208
80,0.6428571428571429,5.7937169607196539
81,0.6428571428571429,5.7937141816530913
82,0.6428571428571429,5.7937108283596377
83,0.6428571428571429,5.7937084228864739
84,0.6428571428571429,5.7937053681484292
85,0.6428571428571429,5.7937025358634333
86,0.6428571428571429,5.7937001628535132
87,0.6428571428571429,5.7936975657939911
88,0.6428571428571429,5.7936946616641114
89,0.6428571428571429,5.7936916526939184
90,0.6428571428571429,5.7936884867293497
91,0.6428571428571429,5.7936856970191002
92,0.6428571428571429,5.7936834299138615
93,0.6428571428571429,5.7936805193977694
94,0.6428571428571429,5.7936779915222099
95,0.6428571428571429,5.793675060783114
96,0.6428571428571429,5.7936716595930715
97,0.6428571428571429,5.7936690034610887
98,0.6428571428571429,5.793666623000588
99,0.6428571428571429,5.7936637997627258
100,0.6428571428571429,5.7936613985470364
101,0.6428571428571429,5.7936583533883095
102,0.6428571428571429,5.7936555908194611
103,0.6428571428571429,5.7936525781239778
104,0.6428571428571429,5.7936496186469286
105,0.6428571428571429,5.7936469869954248
106,0.6428571428571429,5.7936443957899302
107,0.6428571428571429,5.7936415475394041
108,0.6428571428571429,5.7936388339315146
109,0.6428571428571429,5.7936362767858167
110,0.6428571428571429,5.7936330368476252
111,0.6428571428571429,5.7936302657638281
112,0.6428571428571429,5.7936273738741875
113,0.6428571428571429,5.7936248933630328
114,0.6428571428571429,5.7936219950871806
115,0.6428571428571429,5.7936195715197494
116,0.6428571428571429,5.7936168440750668
117,0.6428571428571429,5.7936135370816499
118,0.6428571428571429,5.7936106579644342
119,0.6428571428571429,5.7936069433178217
120,0.6428571428571429,5.7936042792030742
121,0.6428571428571429,5.7936016321182251
122,0.6428571428571429,5.7935991276587755
123,0.6428571428571429,5.7935964853635857
124,0.6428571428571429,5.7935932518116067
125,0.6428571428571429,5.7935901406620234
126,0.6428571428571429,5.7935874930449893
127,0.6428571428571429,5.7935850274349958
128,0.6428571428571429,5.7935821983431071
129,0.6428571428571429,5.7935794448213915
130,0.6428571428571429,5.7935767040721009
131,0.6428571428571429,5.793573796749115
132,0.6428571428571429,5.7935705754373759
133,0.6428571428571429,5.7935683056712151
134,0.6428571428571429,5.7935653802539617
135,0.6428571428571429,5.7935625580804686
136,0.6428571428571429,5.7935599732611864
137,0.6428571428571429,5.7935573400131295
138,0.6428571428571429,5.7935544433338304
139,0.6428571428571429,5.7935515157878399
140,0.6428571428571429,5.7935486723269731
141,0.6428571428571429,5.7935457314763754
142,0.6428571428571429,5.7935432153088708
143,0.6428571428571429,5.7935405437435419
144,0.6428571428571429,5.7935379653104713
145,0.6428571428571429,5.7935350276529789
146,0.6428571428571429,5.7935317951653689
147,0.6428571428571429,5.7935291895908971
148,0.6428571428571429,5.7935265595359464
149,0.6428571428571429,5.7935235830289979
150,0.6428571428571429,5.7935213233743399
151,0.6428571428571429,5.7935183442064693
152,0.6428571428571429,5.7935154416731427
153,0.6428571428571429,5.7935124029006273
154,0.6428571428571429,5.7935096057397981
155,0.6428571428571429,5.7935069623802393
156,0.6428571428571429,5.7935045824519227
157,0.6428571428571429,5.7935017219611575
158,0.6428571428571429,5.7934985671724588
159,0.6428571428571429,5.7934957822518687
160,0.6428571428571429,5.7934928126633167
161,0.6428571428571429,5.79348987074835
162,0.6428571428571429,5.7934873721429279
163,0.6428571428571429,5.7934843562543392
164,0.6428571428571429,5.7934818166707247
165,0.6428571428571429,5.7934792132249902
166,0.6428571428571429,5.7934765129217078
167,0.6428571428571429,5.7934733426996639
168,0.6428571428571429,5.7934705540537834
169,0.6428571428571429,5.7934677505067418
170,0.6428571428571429,5.7934648862906863
171,0.6428571428571429,5.7934624616588861
172,0.6428571428571429,5.7934596815279553
173,0.6428571428571429,5.79345720580646
174,0.6428571428571429,5.7934536295277734
175,0.6428571428571429,5.7934509643486569
176,0.6428571428571429,5.7934481778315137
177,0.6428571428571429,5.7934456004628112
178,0.6428571428571429,5.7934428714215755
179,0.6428571428571429,5.793440467544964
180,0.6428571428571429,5.7934374862483571
181,0.6428571428571429,5.7934344405574461
182,0.6428571428571429,5.7934315263160636
183,0.6428571428571429,5.7934289675738126
184,0.6428571428571429,5.7934260953749925
185,0.6428571428571429,5.7934236489236355
186,0.6428571428571429,5.7934208421834876
187,0.6428571428571429,5.7934181024985651
188,0.6428571428571429,5.7934151744203906
189,0.6428571428571429,5.7934121180857927
190,0.6428571428571429,5.7934093917054792
191,0.6428571428571429,5.7934066514883726
192,0.6428571428571429,5.7934039831161499
193,0.6428571428571429,5.7934011024023802
194,0.6428571428571429,5.793398792190211
195,0.6428571428571429,5.7933959348925521
196,0.6428571428571429,5.7933928184211254
197,0.6428571428571429,5.7933898035969049
198,0.6428571428571429,5.793386846780777
199,0.6428571428571429,5.7933844870754649
200,0.6428571428571429,5.7933815398386548
201,0.6428571428571429,5.7933792078069279
202,0.6428571428571429,5.7933759742549489
203,0.6428571428571429,5.7933721286909918
204,0.6428571428571429,5.7933697205569059
205,0.6428571428571429,5.7933669430868964
206,0.6428571428571429,5.7933641837111542
207,0.6428571428571429,5.7933615909091065
208,0.6428571428571429,5.7933588251471519
209,0.6428571428571429,5.7933559039873739
210,0.6428571428571429,5.7933529359953742
211,0.6428571428571429,5.7933502495288849
212,0.6428571428571429,5.7933476311819891
213,0.6428571428571429,5.7933446445635388
214,0.6428571428571429,5.793342013976404
215,0.6428571428571429,5.7933393807283471
216,0.6428571428571429,5.7933367400297096
217,0.6428571428571429,5.7933334814650674
218,0.6428571428571429,5.7933309179331571
219,0.6428571428571429,5.7933280930987427
220,0.6428571428571429,5.7933250995618959
221,0.6428571428571429,5.7933228580015044
222,0.6428571428571429,5.7933201459901671
223,0.6428571428571429,5.7933173626661301
224,0.6428571428571429,5.7933140881359577
225,0.6428571428571429,5.7933115272649696
226,0.6428571428571429,5.793308524680989
227,0.6428571428571429,5.7933060133031438
228,0.6428571428571429,5.7933032869228294
229,0.6428571428571429,5.7933006909276754
230,0.6428571428571429,5.7932978123426437
231,0.6428571428571429,5.7932947597333362
232,0.6428571428571429,5.7932918412344794
233,0.6428571428571429,5.7932893075048923
234,0.6428571428571429,5.7932866231671403
235,0.6428571428571429,5.7932838116373331
236,0.6428571428571429,5.793281251830714
237,0.6428571428571429,5.7932783280100137
238,0.6428571428571429,5.7932746750967841
239,0.6428571428571429,5.7932723877685408
240,0.6428571428571429,5.7932696262640615
241,0.6428571428571429,5.793266948312521
242,0.6428571428571429,5.7932640782424381
243,0.6428571428571429,5.7932612741632123
244,0.6428571428571429,5.7932584674230645
245,0.6428571428571429,5.793255589902401
246,0.6428571428571429,5.7932526160563738
247,0.6428571428571429,5.7932501499141962
248,0.6428571428571429,5.7932472814406664
249,0.6428571428571429,5.7932446423385828
250,0.6428571428571429,5.793242135218212
251,0.6428571428571429,5.7932394998414178
252,0.6428571428571429,5.7932365110942294
253,0.6428571428571429,5.7932330024029524
254,0.6428571428571429,5.7932306107665807
255,0.6428571428571429,5.7932277545332909
256,0.6428571428571429,5.7932254847671301
257,0.6428571428571429,5.7932226828166415
258,0.6428571428571429,5.7932200240237375
259,0.6428571428571429,5.7932171268122534
260,0.6428571428571429,5.7932139076292515
261,0.6428571428571429,5.7932110513959616
262,0.6428571428571429,5.7932087049952576
263,0.6428571428571429,5.7932060116103719
264,0.6428571428571429,5.7932032708610803
265,0.6428571428571429,5.7932005189359188
266,0.6428571428571429,5.7931976813290804
267,0.6428571428571429,5.7931946388312747
268,0.6428571428571429,5.7931917144783904
269,0.6428571428571429,5.793189112629209
270,0.6428571428571429,5.7931862888591628
271,0.6428571428571429,5.7931837812066078
272,0.6428571428571429,5.7931810154446532
273,0.6428571428571429,5.7931786339197844
274,0.6428571428571429,5.7931751177779267
275,0.6428571428571429,5.7931724701608927
276,0.6428571428571429,5.7931697916771681
277,0.6428571428571429,5.7931668364575932
278,0.6428571428571429,5.7931639834174087
279,0.6428571428571429,5.7931612714060714
280,0.6428571428571429,5.7931588542248518
281,0.6428571428571429,5.7931556137544771
282,0.6428571428571429,5.793152430227825
283,0.6428571428571429,5.7931499821799139
284,0.6428571428571429,5.7931471616029739
285,0.6428571428571429,5.7931448774678369
286,0.6428571428571429,5.7931416284825117
287,0.6428571428571429,5.7931384018489291
288,0.6428571428571429,5.793135417359216
289,0.6428571428571429,5.7931326473397871
290,0.6428571428571429,5.7931297937674184
291,0.6428571428571429,5.7931273765861988
292,0.6428571428571429,5.7931246496737003
293,0.6428571428571429,5.7931216353816648
294,0.6428571428571429,5.7931192213935514
295,0.6428571428571429,5.7931161384497374
296,0.6428571428571429,5.7931132316589355
297,0.6428571428571429,5.7931107809501032
298,0.6428571428571429,5.7931079720812182
299,0.6428571428571429,5.7931049237293859
300,0.6428571428571429,5.7931025576378614
301,0.6428571428571429,5.7930999100208282
302,0.6428571428571429,5.7930972709187438
303,0.6428571428571429,5.7930938255574018
304,0.6428571428571429,5.7930913051324229
305,0.6428571428571429,5.7930884355945249
306,0.6428571428571429,5.7930856900555749
307,0.6428571428571429,5.7930830972535272
308,0.6428571428571429,5.793080698166575
309,0.6428571428571429,5.7930778121309618
310,0.6428571428571429,5.7930743050362379
311,0.6428571428571429,5.7930717936583926
312,0.6428571428571429,5.7930690103343556
313,0.6428571428571429,5.7930665590933392
314,0.6428571428571429,5.7930639811924527
315,0.6428571428571429,5.7930611920143873
316,0.6428571428571429,5.7930582495672365
317,0.6428571428571429,5.7930550846670359
318,0.6428571428571429,5.7930521581854135
319,0.6428571428571429,5.7930492583130091
320,0.6428571428571429,5.7930468028145174
321,0.6428571428571429,5.7930438353547027
322,0.6428571428571429,5.793041268097503
323,0.6428571428571429,5.7930387168058326
324,0.6428571428571429,5.7930351538317542
325,0.6428571428571429,5.7930326578872542
326,0.6428571428571429,5.793030235384192
327,0.6428571428571429,5.7930271519081931
328,0.6428571428571429,5.7930245649601728
329,0.6428571428571429,5.7930219189396928
330,0.6428571428571429,5.7930193596652577
331,0.6428571428571429,5.7930163017341068
332,0.6428571428571429,5.7930131788764685
333,0.6428571428571429,5.793010525937591
334,0.6428571428571429,5.7930079778390269
335,0.6428571428571429,5.7930052509265284
336,0.6428571428571429,5.7930025910692553
337,0.6428571428571429,5.7930000477603505
338,0.6428571428571429,5.7929968945682049
339,0.6428571428571429,5.7929937227496078
340,0.6428571428571429,5.7929914120052546
341,0.6428571428571429,5.7929885946214199
342,0.6428571428571429,5.7929860273642202
343,0.6428571428571429,5.7929835729300976
344,0.6428571428571429,5.7929805597024302
345,0.6428571428571429,5.792977761477232
346,0.6428571428571429,5.7929745832724233
347,0.6428571428571429,5.7929719250117033
348,0.6428571428571429,5.7929695280534883
349,0.6428571428571429,5.7929665760270188
350,0.6428571428571429,5.7929638006857465
351,0.6428571428571429,5.7929612930331915
352,0.6428571428571429,5.7929585043873102
353,0.6428571428571429,5.7929552979767323
354,0.6428571428571429,5.7929529286921024
355,0.6428571428571429,5.7929498718253205
356,0.6428571428571429,5.792947044862168
357,0.6428571428571429,5.7929445286946635
358,0.6428571428571429,5.7929415000336508
359,0.6428571428571429,5.7929389796086719
360,0.6428571428571429,5.7929356422807485
361,0.6428571428571429,5.7929327126060217
362,0.6428571428571429,5.7929302108074934
363,0.6428571428571429,5.7929274344018529
364,0.6428571428571429,5.7929250118987898
365,0.6428571428571429,5.7929221168160439
366,0.6428571428571429,5.7929196778152674
367,0.6428571428571429,5.792916289397648
368,0.6428571428571429,5.7929135656782558
369,0.6428571428571429,5.7929108541991026
370,0.6428571428571429,5.7929077478391786
371,0.6428571428571429,5.7929049517427176
372,0.6428571428571429,5.7929021913026064
373,0.6428571428571429,5.7928995580545495
374,0.6428571428571429,5.7928963601589203
375,0.6428571428571429,5.7928936045084685
376,0.6428571428571429,5.7928908754672319
377,0.6428571428571429,5.7928884944745471
378,0.6428571428571429,5.7928855062595437
379,0.6428571428571429,5.7928828953632285
380,0.6428571428571429,5.7928802195404261
381,0.6428571428571429,5.7928772409047395
382,0.6428571428571429,5.7928741872310638
383,0.6428571428571429,5.7928716290209978
384,0.6428571428571429,5.7928687360669882
385,0.6428571428571429,5.7928660666303973
386,0.6428571428571429,5.7928634083696773
387,0.6428571428571429,5.792860933712551
388,0.6428571428571429,5.7928578401250501
389,0.6428571428571429,5.7928547651640008
390,0.6428571428571429,5.792852233030966
391,0.6428571428571429,5.7928495417748183
392,0.6428571428571429,5.7928468760635168
393,0.6428571428571429,5.7928441741636822
394,0.6428571428571429,5.7928417128111631
395,0.6428571428571429,5.7928386724420955
396,0.6428571428571429,5.7928353313888818
397,0.6428571428571429,5.7928328737616539
398,0.6428571428571429,5.7928296801234991
399,0.6428571428571429,5.7928272352686951
400,0.6428571428571429,5.7928244849400858
401,0.6428571428571429,5.7928215462182253
402,0.6428571428571429,5.7928192003497054
403,0.6428571428571429,5.7928156107664108
404,0.6428571428571429,5.7928132648978918
405,0.6428571428571429,5.7928105071187019
406,0.6428571428571429,5.7928080947271416
407,0.6428571428571429,5.7928049894315858
408,0.6428571428571429,5.7928024855043203
409,0.6428571428571429,5.7927998889769823
410,0.6428571428571429,5.7927967192871233
411,0.6428571428571429,5.7927940902965407
412,0.6428571428571429,5.7927910073527267
413,0.6428571428571429,5.7927884172116011
414,0.6428571428571429,5.7927857648049086
415,0.6428571428571429,5.7927830277809074
416,0.6428571428571429,5.7927805669605732
417,0.6428571428571429,5.7927777096629143
418,0.6428571428571429,5.7927742701555998
419,0.6428571428571429,5.7927718295582702
420,0.6428571428571429,5.7927691356412003
421,0.6428571428571429,5.792766485363245
422,0.6428571428571429,5.7927638638232439
423,0.6428571428571429,5.7927614636719227
424,0.6428571428571429,5.7927581018635204
425,0.6428571428571429,5.792755088635853
426,0.6428571428571429,5.7927525032843858
427,0.6428571428571429,5.7927499578467438
428,0.6428571428571429,5.7927471303514073
429,0.6428571428571429,5.7927443119032045
430,0.6428571428571429,5.7927417755126953
431,0.6428571428571429,5.7927391529083252
432,0.6428571428571429,5.7927359507552216
433,0.6428571428571429,5.7927332520484924
434,0.6428571428571429,5.7927306177360673
435,0.6428571428571429,5.7927276119589806
436,0.6428571428571429,5.7927252261766364
437,0.6428571428571429,5.792722300759384
438,0.6428571428571429,5.7927194312214851
439,0.6428571428571429,5.7927165164479186
440,0.6428571428571429,5.7927133749638289
441,0.6428571428571429,5.7927106730639935
442,0.6428571428571429,5.7927084118127823
443,0.6428571428571429,5.7927056641450951
444,0.6428571428571429,5.7927028249417036
445,0.6428571428571429,5.7927004556570738
446,0.6428571428571429,5.7926972332809656
447,0.6428571428571429,5.7926939284162859
448,0.6428571428571429,5.7926915601960252
449,0.6428571428571429,5.7926887715501447
450,0.6428571428571429,5.7926865076380114
451,0.6428571428571429,5.792683931333678
452,0.6428571428571429,5.7926805493022711
453,0.6428571428571429,5.792677466358457
454,0.6428571428571429,5.7926743913974077
455,0.6428571428571429,5.7926715569836755
456,0.6428571428571429,5.7926691935530732
457,0.6428571428571429,5.7926661899047236
458,0.6428571428571429,5.792663275663342
459,0.6428571428571429,5.7926609771592279
460,0.6428571428571429,5.7926580613212924
461,0.6428571428571429,5.7926550135016441
462,0.6428571428571429,5.7926524659352641
463,0.6428571428571429,5.7926498422665258
464,0.6428571428571429,5.7926466747054031
465,0.6428571428571429,5.7926445119082928
466,0.6428571428571429,5.7926416359841824
467,0.6428571428571429,5.7926390575511117
468,0.6428571428571429,5.7926358963762015
469,0.6428571428571429,5.7926326649529596
470,0.6428571428571429,5.7926301610256941
471,0.6428571428571429,5.7926277736467977
472,0.6428571428571429,5.7926249003836086
473,0.6428571428571429,5.7926224454173019
474,0.6428571428571429,5.7926196902990341
475,0.6428571428571429,5.7926160113087724
476,0.6428571428571429,5.792613785181727
477,0.6428571428571429,5.792610975780657
478,0.6428571428571429,5.7926080333335062
479,0.6428571428571429,5.7926055783671995
480,0.6428571428571429,5.7926024858440668
481,0.6428571428571429,5.7925999893673827
482,0.6428571428571429,5.7925965573106497
483,0.6428571428571429,5.7925940964903146
484,0.6428571428571429,5.7925912354673654
485,0.6428571428571429,5.7925889257873804
486,0.6428571428571429,5.7925861472530027
487,0.6428571428571429,5.7925831201885432
488,0.6428571428571429,5.7925807876246314
489,0.6428571428571429,5.7925775732312887
490,0.6428571428571429,5.7925748707992692
491,0.6428571428571429,5.7925723109926492
492,0.6428571428571429,5.7925691386418681
493,0.6428571428571429,5.7925666740962436
494,0.6428571428571429,5.7925640626677444
495,0.6428571428571429,5.7925615039254934
496,0.6428571428571429,5.7925590042557031
497,0.6428571428571429,5.7925553013171465
498,0.6428571428571429,5.7925526920173853
499,0.6428571428571429,5.7925500028899739
500,0.6428571428571429,5.7925475697432249
501,0.6428571428571429,5.7925449450101167
502,0.6428571428571429,5.7925425485840867
503,0.6428571428571429,5.7925394528678487
504,0.6428571428571429,5.7925360229398519
505,0.6428571428571429,5.7925336733460426
506,0.6428571428571429,5.7925308431897848
507,0.6428571428571429,5.792528484548841
508,0.6428571428571429,5.7925258986651897
509,0.6428571428571429,5.7925224772521426
510,0.6428571428571429,5.7925201084996969
511,0.6428571428571429,5.7925171096410066
512,0.6428571428571429,5.7925142385065556
513,0.6428571428571429,5.7925117846046179
514,0.6428571428571429,5.7925087985183508
515,0.6428571428571429,5.7925059726195673
516,0.6428571428571429,5.7925036815660338
517,0.6428571428571429,5.7925007210246156
518,0.6428571428571429,5.7924972570368221
519,0.6428571428571429,5.7924947754612992
520,0.6428571428571429,5.7924918005509038
521,0.6428571428571429,5.7924892950270861
522,0.6428571428571429,5.792486596852541
523,0.6428571428571429,5.792484088135617
524,0.6428571428571429,5.7924813229058474
525,0.6428571428571429,5.7924784283552855
526,0.6428571428571429,5.7924751953354905
527,0.6428571428571429,5.792472605726549
528,0.6428571428571429,5.7924701523567945
529,0.6428571428571429,5.7924674201224535
530,0.6428571428571429,5.7924646080604623
531,0.6428571428571429,5.7924623026379516
532,0.6428571428571429,5.7924590728112628
533,0.6428571428571429,5.7924558993961126
534,0.6428571428571429,5.7924534886011054
535,0.6428571428571429,5.7924506483333449
536,0.6428571428571429,5.792448428592512
537,0.6428571428571429,5.792445258902652
538,0.6428571428571429,5.7924421972462108
539,0.6428571428571429,5.7924393048243861
540,0.6428571428571429,5.792436221348388
541,0.6428571428571429,5.7924333869346549
542,0.6428571428571429,5.7924310458557944
543,0.6428571428571429,5.79242829605937
544,0.6428571428571429,5.7924252615443299
545,0.6428571428571429,5.7924227932734151
546,0.6428571428571429,5.7924201094678471
547,0.6428571428571429,5.7924169860780239
548,0.6428571428571429,5.7924143868897646
549,0.6428571428571429,5.7924113667437007
550,0.6428571428571429,5.7924087154013773
551,0.6428571428571429,5.7924063253615587
552,0.6428571428571429,5.7924036511353085
553,0.6428571428571429,5.7924011839287619
554,0.6428571428571429,5.7923975730580946
555,0.6428571428571429,5.7923948174076418
556,0.6428571428571429,5.7923922852746079
557,0.6428571428571429,5.7923895753920078
558,0.6428571428571429,5.7923866946782381
559,0.6428571428571429,5.7923840773957114
560,0.6428571428571429,5.7923811966819425
561,0.6428571428571429,5.7923783606716563
562,0.6428571428571429,5.7923754256750852
563,0.6428571428571429,5.7923727972166876
564,0.6428571428571429,5.7923700271972587
565,0.6428571428571429,5.7923675972436159
566,0.6428571428571429,5.7923646547964642
567,0.6428571428571429,5.7923621104231904
568,0.6428571428571429,5.7923591238047392
569,0.6428571428571429,5.792356225528887
570,0.6428571428571429,5.7923533650381227
571,0.6428571428571429,5.7923509781914095
572,0.6428571428571429,5.7923482943858415
573,0.6428571428571429,5.7923454264444967
574,0.6428571428571429,5.7923428320458958
575,0.6428571428571429,5.7923399279160162
576,0.6428571428571429,5.7923372121793886
577,0.6428571428571429,5.7923340254596303
578,0.6428571428571429,5.7923315050346513
579,0.6428571428571429,5.79232889094523
580,0.6428571428571429,5.7923263465719561
581,0.6428571428571429,5.7923235526042323
582,0.6428571428571429,5.7923210311148852
583,0.6428571428571429,5.79231744525688
584,0.6428571428571429,5.7923148407467773
585,0.6428571428571429,5.7923123884413927
586,0.6428571428571429,5.7923096498208384
587,0.6428571428571429,5.79230714908668
588,0.6428571428571429,5.7923046228076727
589,0.6428571428571429,5.792301744222641
590,0.6428571428571429,5.7922985830477307
591,0.6428571428571429,5.7922957172351222
592,0.6428571428571429,5.7922929780823846
593,0.6428571428571429,5.7922906157161504
594,0.6428571428571429,5.7922877413885931
595,0.6428571428571429,5.7922850857887953
596,0.6428571428571429,5.7922824881970882
597,0.6428571428571429,5.7922795851315767
598,0.6428571428571429,5.7922765224107673
599,0.6428571428571429,5.7922735389854223
600,0.6428571428571429,5.7922708658235411
601,0.6428571428571429,5.7922682778111527
602,0.6428571428571429,5.7922655301434656
603,0.6428571428571429,5.7922629937529564
604,0.6428571428571429,5.792260168386357
605,0.6428571428571429,5.792257047125271
606,0.6428571428571429,5.7922541658793181
607,0.6428571428571429,5.7922516757888456
608,0.6428571428571429,5.7922489722924571
609,0.6428571428571429,5.7922466035400122
610,0.6428571428571429,5.7922439335712363
611,0.6428571428571429,5.7922409432274957
612,0.6428571428571429,5.7922378443181515
613,0.6428571428571429,5.7922352195850442
614,0.6428571428571429,5.7922325049127847
615,0.6428571428571429,5.7922297396830151
616,0.6428571428571429,5.7922271862626076
617,0.6428571428571429,5.792224394955805
618,0.6428571428571429,5.7922218825135916
619,0.6428571428571429,5.7922185010143687
620,0.6428571428571429,5.7922159715422561
621,0.6428571428571429,5.7922131887504031
622,0.6428571428571429,5.7922102180974822
623,0.6428571428571429,5.7922073682504038
624,0.6428571428571429,5.7922045774757862
625,0.6428571428571429,5.7922018734472136
626,0.6428571428571429,5.7921987452677319
627,0.6428571428571429,5.7921961146805971
628,0.6428571428571429,5.7921933622232507
629,0.6428571428571429,5.7921906991728713
630,0.6428571428571429,5.7921879557626585
631,0.6428571428571429,5.7921855172940662
632,0.6428571428571429,5.7921827350343973
633,0.6428571428571429,5.7921797569308966
634,0.6428571428571429,5.7921766952744553
635,0.6428571428571429,5.7921740854425092
636,0.6428571428571429,5.7921713106334209
637,0.6428571428571429,5.792168765727963
638,0.6428571428571429,5.7921662719122002
639,0.6428571428571429,5.7921633305294176
640,0.6428571428571429,5.7921601672257692
641,0.6428571428571429,5.7921571673027108
642,0.6428571428571429,5.7921544536948204
643,0.6428571428571429,5.7921519353985786
644,0.6428571428571429,5.7921492819275171
645,0.6428571428571429,5.7921466832714419
646,0.6428571428571429,5.7921437120863368
647,0.6428571428571429,5.7921413374798636
648,0.6428571428571429,5.7921378798782825
649,0.6428571428571429,5.7921355276235511
650,0.6428571428571429,5.7921327533466478
651,0.6428571428571429,5.7921301424503326
652,0.6428571428571429,5.792127388928618
653,0.6428571428571429,5.7921245518539637
654,0.6428571428571429,5.7921220984842092
655,0.6428571428571429,5.7921190666300912
656,0.6428571428571429,5.7921162088002474
657,0.6428571428571429,5.792113559054477
658,0.6428571428571429,5.7921110279858112
659,0.6428571428571429,5.7921081653663089
660,0.6428571428571429,5.7921057822448869
661,0.6428571428571429,5.7921029339943617
662,0.6428571428571429,5.792100165571485
663,0.6428571428571429,5.7920969139252394
664,0.6428571428571429,5.792094213089773
665,0.6428571428571429,5.7920917730246275
666,0.6428571428571429,5.792089170111077
667,0.6428571428571429,5.7920864325548918
668,0.6428571428571429,5.7920839089368075
669,0.6428571428571429,5.7920807967228551
670,0.6428571428571429,5.7920777478388379
671,0.6428571428571429,5.7920752939368993
672,0.6428571428571429,5.7920726729290823
673,0.6428571428571429,5.7920699497418742
674,0.6428571428571429,5.7920673074466844
675,0.6428571428571429,5.7920644911272188
676,0.6428571428571429,5.792061773261854
677,0.6428571428571429,5.7920587275709421
678,0.6428571428571429,5.7920559415859838
679,0.6428571428571429,5.7920529326157908
680,0.6428571428571429,5.7920502057032923
681,0.6428571428571429,5.792047568197761
682,0.6428571428571429,5.7920448077576498
683,0.6428571428571429,5.7920425465064387
684,0.6428571428571429,5.792039056441614
685,0.6428571428571429,5.792036583913224
686,0.6428571428571429,5.7920336733971327
687,0.6428571428571429,5.7920310406812598
688,0.6428571428571429,5.7920284739562442
689,0.6428571428571429,5.7920259700289796
690,0.6428571428571429,5.7920233021889418
691,0.6428571428571429,5.7920202996049612
692,0.6428571428571429,5.7920172140002251
693,0.6428571428571429,5.7920143556381971
694,0.6428571428571429,5.7920120406363695
695,0.6428571428571429,5.7920093829078336
696,0.6428571428571429,5.7920068725943565
697,0.6428571428571429,5.7920039838978221
698,0.6428571428571429,5.792000913194248
699,0.6428571428571429,5.7919979483953545
700,0.6428571428571429,5.7919953795416017
701,0.6428571428571429,5.7919926403888633
702,0.6428571428571429,5.7919905057975223
703,0.6428571428571429,5.7919873254639764
704,0.6428571428571429,5.7919845820537637
705,0.6428571428571429,5.7919822319277694
706,0.6428571428571429,5.7919786849192212
707,0.6428571428571429,5.7919756972364018
708,0.6428571428571429,5.7919732055493762
709,0.6428571428571429,5.7919701289917738
710,0.6428571428571429,5.7919674058045656
711,0.6428571428571429,5.7919650716441016
712,0.6428571428571429,5.7919624277523587
713,0.6428571428571429,5.79195934800165
714,0.6428571428571429,5.7919563805418353
715,0.6428571428571429,5.7919535237763613
716,0.6428571428571429,5.7919511465089659
717,0.6428571428571429,5.79194863992078
718,0.6428571428571429,5.7919457874127795
719,0.6428571428571429,5.7919428055839877
720,0.6428571428571429,5.7919398296092242
721,0.6428571428571429,5.791936806270054
722,0.6428571428571429,5.7919341645070483
723,0.6428571428571429,5.79193165153265
724,0.6428571428571429,5.7919289735811095
725,0.6428571428571429,5.7919266245194843
726,0.6428571428571429,5.7919234995331079
727,0.6428571428571429,5.7919207092906744
728,0.6428571428571429,5.7919177205434869
729,0.6428571428571429,5.7919150862310618
730,0.6428571428571429,5.7919124279703409
731,0.6428571428571429,5.7919098846614361
732,0.6428571428571429,5.7919069549867084
733,0.6428571428571429,5.791904366442135
734,0.6428571428571429,5.7919018348412852
735,0.6428571428571429,5.7918984091707637
736,0.6428571428571429,5.7918960760746687
737,0.6428571428571429,5.7918931666229456
738,0.6428571428571429,5.7918904609978199
739,0.6428571428571429,5.791887803269284
740,0.6428571428571429,5.7918855595801562
741,0.6428571428571429,5.7918825814766546
742,0.6428571428571429,5.7918794815029413
743,0.6428571428571429,5.79187665826508
744,0.6428571428571429,5.7918738946318626
745,0.6428571428571429,5.7918715423771312
746,0.6428571428571429,5.7918686962553432
747,0.6428571428571429,5.7918663072798937
748,0.6428571428571429,5.7918637325721125
749,0.6428571428571429,5.7918601046715468
750,0.6428571428571429,5.7918572074600627
751,0.6428571428571429,5.7918549323720594
752,0.6428571428571429,5.7918522262147496
753,0.6428571428571429,5.7918499383543223
754,0.6428571428571429,5.7918470624302119
755,0.6428571428571429,5.7918442024716308
756,0.6428571428571429,5.7918413488992622
757,0.6428571428571429,5.791838152068002
758,0.6428571428571429,5.7918360648410658
759,0.6428571428571429,5.7918329462409019
760,0.6428571428571429,5.7918301038444042
761,0.6428571428571429,5.7918276094964574
762,0.6428571428571429,5.7918249475104471
763,0.6428571428571429,5.7918220322046965
764,0.6428571428571429,5.7918189237160345
765,0.6428571428571429,5.7918164932302068
766,0.6428571428571429,5.7918135263025761
767,0.6428571428571429,5.7918109531913489
768,0.6428571428571429,5.7918083497456143
769,0.6428571428571429,5.7918057207550318
770,0.6428571428571429,5.7918032599346976
771,0.6428571428571429,5.7917999369757514
772,0.6428571428571429,5.7917970716953278
773,0.6428571428571429,5.7917944522840639
774,0.6428571428571429,5.7917919174901078
775,0.6428571428571429,5.7917891746120791
776,0.6428571428571429,5.7917868324688504
777,0.6428571428571429,5.791784006037882
778,0.6428571428571429,5.7917807799364835
779,0.6428571428571429,5.7917779045445581
780,0.6428571428571429,5.7917754160506387
781,0.6428571428571429,5.7917726417737345
782,0.6428571428571429,5.791770313467298
783,0.6428571428571429,5.79176762966173
784,0.6428571428571429,5.7917646462363859
785,0.6428571428571429,5.7917618341743946
786,0.6428571428571429,5.7917587794363499
787,0.6428571428571429,5.7917564266494344
788,0.6428571428571429,5.7917537114449908
789,0.6428571428571429,5.7917510851153304
790,0.6428571428571429,5.791748271988971
791,0.6428571428571429,5.7917450538703372
792,0.6428571428571429,5.7917422939624101
793,0.6428571428571429,5.7917391434311867
794,0.6428571428571429,5.7917364670761993
795,0.6428571428571429,5.7917334453335831
796,0.6428571428571429,5.7917310265558104
797,0.6428571428571429,5.7917283523295611
798,0.6428571428571429,5.7917261113013536
799,0.6428571428571429,5.7917230932840278
800,0.6428571428571429,5.7917197527629991
801,0.6428571428571429,5.7917170088206023
802,0.6428571428571429,5.7917141999517172
803,0.6428571428571429,5.7917119285890033
804,0.6428571428571429,5.7917092506374628
805,0.6428571428571429,5.7917066966848711
806,0.6428571428571429,5.7917039942528517
807,0.6428571428571429,5.7917004860937595
808,0.6428571428571429,5.7916977990950853
809,0.6428571428571429,5.7916952100183279
810,0.6428571428571429,5.7916927369577547
811,0.6428571428571429,5.7916901484131813
812,0.6428571428571429,5.7916875103754659
813,0.6428571428571429,5.7916846642536779
814,0.6428571428571429,5.791681807488203
815,0.6428571428571429,5.7916788474789689
816,0.6428571428571429,5.7916761807032993
817,0.6428571428571429,5.7916734394218237
818,0.6428571428571429,5.7916707886116843
819,0.6428571428571429,5.7916682085820606
820,0.6428571428571429,5.7916655652225018
821,0.6428571428571429,5.7916627270834784
822,0.6428571428571429,5.7916595786809921
823,0.6428571428571429,5.7916569986513684
824,0.6428571428571429,5.7916542382112572
825,0.6428571428571429,5.7916519476899078
826,0.6428571428571429,5.7916489892772267
827,0.6428571428571429,5.791646458740745
828,0.6428571428571429,5.7916438579559326
829,0.6428571428571429,5.7916408367455006
830,0.6428571428571429,5.7916378634316583
831,0.6428571428571429,5.7916353121399879
832,0.6428571428571429,5.7916326863425116
833,0.6428571428571429,5.7916300887508054
834,0.6428571428571429,5.7916274805154115
835,0.6428571428571429,5.7916244986866205
836,0.6428571428571429,5.7916215227118562
837,0.6428571428571429,5.7916187947349886
838,0.6428571428571429,5.7916160513247759
839,0.6428571428571429,5.7916135394147465
840,0.6428571428571429,5.7916109897196293
841,0.6428571428571429,5.7916076337652544
842,0.6428571428571429,5.7916050654436857
843,0.6428571428571429,5.7916024641266892
844,0.6428571428571429,5.7915993306253641
845,0.6428571428571429,5.7915969533579688
846,0.6428571428571429,5.7915941130902082
847,0.6428571428571429,5.7915912126856188
848,0.6428571428571429,5.79158890619874
849,0.6428571428571429,5.7915863267013004
850,0.6428571428571429,5.7915835178324153
851,0.6428571428571429,5.7915803486747404
852,0.6428571428571429,5.7915779054164886
853,0.6428571428571429,5.7915749949003965
854,0.6428571428571429,5.7915723414293359
855,0.6428571428571429,5.7915697427732606
856,0.6428571428571429,5.7915672484253138
857,0.6428571428571429,5.7915646838290353
858,0.6428571428571429,5.791561084134238
859,0.6428571428571429,5.7915585328425676
860,0.6428571428571429,5.7915559065129072
861,0.6428571428571429,5.7915533126464913
862,0.6428571428571429,5.7915508938687186
863,0.6428571428571429,5.7915482957448274
864,0.6428571428571429,5.7915453123194833
865,0.6428571428571429,5.7915420761065821
866,0.6428571428571429,5.7915393183273931
867,0.6428571428571429,5.7915369612830023
868,0.6428571428571429,5.7915342556578775
869,0.6428571428571429,5.7915316181523462
870,0.6428571428571429,5.7915290546204359
871,0.6428571428571429,5.7915262681032926
872,0.6428571428571429,5.7915230004915168
873,0.6428571428571429,5.7915204752768785
874,0.6428571428571429,5.7915178292563985
875,0.6428571428571429,5.7915146127343178
876,0.6428571428571429,5.7915117527757376
877,0.6428571428571429,5.7915089891425202
878,0.6428571428571429,5.7915065309831073
879,0.6428571428571429,5.7915036806038449
880,0.6428571428571429,5.7915007253842692
881,0.6428571428571429,5.7914977201393674
882,0.6428571428571429,5.7914949219141691
883,0.6428571428571429,5.7914922950523238
884,0.6428571428571429,5.7914897171514372
885,0.6428571428571429,5.791487418115139
886,0.6428571428571429,5.7914845762508254
887,0.6428571428571429,5.7914809536721021
888,0.6428571428571429,5.7914783869470865
889,0.6428571428571429,5.7914758298013895
890,0.6428571428571429,5.7914733535477092
891,0.6428571428571429,5.791470668677773
892,0.6428571428571429,5.7914683446288109
893,0.6428571428571429,5.7914653952632635
894,0.6428571428571429,5.7914621526641508
895,0.6428571428571429,5.7914596003081114
896,0.6428571428571429,5.7914570569992065
897,0.6428571428571429,5.7914543433913162
898,0.6428571428571429,5.7914517585720331
899,0.6428571428571429,5.7914488964847157
900,0.6428571428571429,5.7914463020861149
901,0.6428571428571429,5.7914435107793123
902,0.6428571428571429,5.7914404650884013
903,0.6428571428571429,5.7914380580186844
904,0.6428571428571429,5.7914350884301324
905,0.6428571428571429,5.7914324088820388
906,0.6428571428571429,5.7914298187409132
907,0.6428571428571429,5.7914274324263841
908,0.6428571428571429,5.7914244654987543
909,0.6428571428571429,5.7914217130414078
910,0.6428571428571429,5.7914186242435663
911,0.6428571428571429,5.7914158052631786
912,0.6428571428571429,5.791413565299341
913,0.6428571428571429,5.791410680860281
914,0.6428571428571429,5.791408408965383
915,0.6428571428571429,5.7914056836494376
916,0.6428571428571429,5.791402093533959
917,0.6428571428571429,5.7913996422929426
918,0.6428571428571429,5.791397251188755
919,0.6428571428571429,5.791394430611815
920,0.6428571428571429,5.7913919197661539
921,0.6428571428571429,5.7913892923721244
922,0.6428571428571429,5.7913860779787809
923,0.6428571428571429,5.7913831190339158
924,0.6428571428571429,5.791380288345473
925,0.6428571428571429,5.7913776769169738
926,0.6428571428571429,5.7913752996495793
927,0.6428571428571429,5.7913721698735445
928,0.6428571428571429,5.7913696334830354
929,0.6428571428571429,5.7913670066211909
930,0.6428571428571429,5.7913642014775961
931,0.6428571428571429,5.7913610738302976
932,0.6428571428571429,5.7913587870342393
933,0.6428571428571429,5.7913558174456865
934,0.6428571428571429,5.7913530484906266
935,0.6428571428571429,5.7913507659520418
936,0.6428571428571429,5.7913479836923738
937,0.6428571428571429,5.7913455297904353
938,0.6428571428571429,5.791342206299305
939,0.6428571428571429,5.7913391685911586
940,0.6428571428571429,5.7913368291088512
941,0.6428571428571429,5.7913343283746928
942,0.6428571428571429,5.7913314497896602
943,0.6428571428571429,5.7913293806569914
944,0.6428571428571429,5.7913264648190568
945,0.6428571428571429,5.7913228645920753
946,0.6428571428571429,5.7913204559258054
947,0.6428571428571429,5.7913176699408462
948,0.6428571428571429,5.7913153277976175
949,0.6428571428571429,5.7913128456899097
950,0.6428571428571429,5.7913099782807489
951,0.6428571428571429,5.7913071518497805
952,0.6428571428571429,5.7913043530923982
953,0.6428571428571429,5.7913013824394772
954,0.6428571428571429,5.7912990402962476
955,0.6428571428571429,5.7912962883710861
956,0.6428571428571429,5.7912933437951972
957,0.6428571428571429,5.7912909787680418
958,0.6428571428571429,5.7912882635635992
959,0.6428571428571429,5.7912857319627493
960,0.6428571428571429,5.7912825032004287
961,0.6428571428571429,5.7912793154163023
962,0.6428571428571429,5.7912761004907747
963,0.6428571428571429,5.7912735231220722
964,0.6428571428571429,5.7912708600716929
965,0.6428571428571429,5.7912681145327429
966,0.6428571428571429,5.7912658623286655
967,0.6428571428571429,5.7912623754569461
968,0.6428571428571429,5.7912595697811673
969,0.6428571428571429,5.7912569583526681
970,0.6428571428571429,5.7912543197827677
971,0.6428571428571429,5.7912519877510409
972,0.6428571428571429,5.7912491288568289
973,0.6428571428571429,5.791246759572199
974,0.6428571428571429,5.7912434605615477
975,0.6428571428571429,5.7912406442420821
976,0.6428571428571429,5.7912379849169939
977,0.6428571428571429,5.7912354692816734
978,0.6428571428571429,5.791232780154262
979,0.6428571428571429,5.7912303012396604
980,0.6428571428571429,5.7912273438913484
981,0.6428571428571429,5.7912245408764909
982,0.6428571428571429,5.7912218517490794
983,0.6428571428571429,5.7912190764078071
984,0.6428571428571429,5.7912165783345699
985,0.6428571428571429,5.7912137566932609
986,0.6428571428571429,5.7912110808704584
987,0.6428571428571429,5.7912085599132945
988,0.6428571428571429,5.791205695165055
989,0.6428571428571429,5.7912026441523006
990,0.6428571428571429,5.7912003318113943
991,0.6428571428571429,5.791197207889387
992,0.6428571428571429,5.7911945847528319
993,0.6428571428571429,5.7911922303693633
994,0.6428571428571429,5.7911896365029474
995,0.6428571428571429,5.7911869686629087
996,0.6428571428571429,5.7911837814109663
997,0.6428571428571429,5.7911809400788377
998,0.6428571428571429,5.7911781061972887
999,0.6428571428571429,5.7911758369633128
